Increasing heap size by 65536 after 0 allocated bytes
Adding block map for size 0
Initiating full world-stop collection 1 after 0 allocd bytes
0 bytes in heap blacklisted for interior pointers
--> Marking for collection 1 after 0 allocd bytes + 0 wasted bytes
Found new system malloc AllocationBase at 0x21c0000
Collection 0 reclaimed 0 bytes ---> heapsize = 65536 bytes
World-stopped marking took 16 msecs
Bytes recovered before sweep - f.l. count = 0
Immediately reclaimed 0 bytes in heap of size 65536 bytes
0 (atomic) + 0 (composite) collectable bytes in use
Finalize + initiate sweep took 0 + 0 msecs
Complete collection took 16 msecs
Adding block map for size 8
Adding block map for size 6
Adding block map for size 10
Adding block map for size 340
Adding block map for size 36
Adding block map for size 256
Adding block map for size 4
Adding block map for size 12
Adding block map for size 20
Adding block map for size 42
Adding block map for size 60
Increasing heap size by 65536 after 6896 allocated bytes
Adding block map for size 84
Adding block map for size 128
Adding block map for size 512
Adding block map for size 16
Adding block map for size 146
Adding block map for size 2
Grew dl table to 1 entries
Grew dl table to 2 entries
Grew dl table to 4 entries
Increasing heap size by 65536 after 51888 allocated bytes
Grew dl table to 8 entries
Adding block map for size 18
Grew dl table to 16 entries
Adding block map for size 24
Adding block map for size 102
Adding block map for size 1
Adding block map for size 28
Increasing heap size by 69632 after 77044 allocated bytes
Increasing heap size by 90112 after 146028 allocated bytes
Grew dl table to 32 entries
Initiating full world-stop collection 2 after 237620 allocd bytes
0 bytes in heap blacklisted for interior pointers
--> Marking for collection 2 after 237620 allocd bytes + 1560 wasted bytes
Collection 1 reclaimed 0 bytes ---> heapsize = 356352 bytes
World-stopped marking took 16 msecs
Bytes recovered before sweep - f.l. count = -124728
Immediately reclaimed 14536 bytes in heap of size 356352 bytes
9688 (atomic) + 69584 (composite) collectable bytes in use
Finalize + initiate sweep took 0 + 0 msecs
Complete collection took 16 msecs
Grew dl table to 64 entries
Increasing heap size by 122880 after 152248 allocated bytes
Grew dl table to 128 entries
Adding block map for size 48
Initiating full world-stop collection 3 after 263264 allocd bytes
0 bytes in heap blacklisted for interior pointers
--> Marking for collection 3 after 263264 allocd bytes + 0 wasted bytes
Collection 2 reclaimed 55296 bytes ---> heapsize = 479232 bytes
World-stopped marking took 0 msecs
Bytes recovered before sweep - f.l. count = -37152
Immediately reclaimed 93920 bytes in heap of size 479232 bytes
11576 (atomic) + 91784 (composite) collectable bytes in use
Finalize + initiate sweep took 0 + 0 msecs
Complete collection took 0 msecs
Adding block map for size 14
Initiating full world-stop collection 4 after 236824 allocd bytes
0 bytes in heap blacklisted for interior pointers
--> Marking for collection 4 after 236824 allocd bytes + 0 wasted bytes
Collection 3 reclaimed 245688 bytes ---> heapsize = 479232 bytes
World-stopped marking took 0 msecs
Bytes recovered before sweep - f.l. count = -44432
Immediately reclaimed 74352 bytes in heap of size 479232 bytes
12360 (atomic) + 88552 (composite) collectable bytes in use
Finalize + initiate sweep took 0 + 0 msecs
Complete collection took 16 msecs
Initiating full world-stop collection 5 after 232824 allocd bytes
0 bytes in heap blacklisted for interior pointers
--> Marking for collection 5 after 232824 allocd bytes + 0 wasted bytes
Collection 4 reclaimed 237040 bytes ---> heapsize = 479232 bytes
World-stopped marking took 0 msecs
Bytes recovered before sweep - f.l. count = -47376
Immediately reclaimed 59120 bytes in heap of size 479232 bytes
12944 (atomic) + 94504 (composite) collectable bytes in use
Finalize + initiate sweep took 0 + 0 msecs
Complete collection took 16 msecs
Initiating full world-stop collection 6 after 238408 allocd bytes
0 bytes in heap blacklisted for interior pointers
--> Marking for collection 6 after 238408 allocd bytes + 0 wasted bytes
Collection 5 reclaimed 223864 bytes ---> heapsize = 479232 bytes
World-stopped marking took 16 msecs
Bytes recovered before sweep - f.l. count = -31280
Immediately reclaimed 67024 bytes in heap of size 479232 bytes
13528 (atomic) + 98848 (composite) collectable bytes in use
Finalize + initiate sweep took 0 + 0 msecs
Complete collection took 16 msecs
Initiating full world-stop collection 7 after 234224 allocd bytes
0 bytes in heap blacklisted for interior pointers
--> Marking for collection 7 after 234224 allocd bytes + 0 wasted bytes
Collection 6 reclaimed 238328 bytes ---> heapsize = 479232 bytes
World-stopped marking took 15 msecs
Bytes recovered before sweep - f.l. count = -33896
Immediately reclaimed 60312 bytes in heap of size 479232 bytes
15104 (atomic) + 102752 (composite) collectable bytes in use
Finalize + initiate sweep took 0 + 0 msecs
Complete collection took 15 msecs
Initiating full world-stop collection 8 after 220696 allocd bytes
0 bytes in heap blacklisted for interior pointers
--> Marking for collection 8 after 220696 allocd bytes + 0 wasted bytes
Collection 7 reclaimed 220320 bytes ---> heapsize = 479232 bytes
World-stopped marking took 0 msecs
Bytes recovered before sweep - f.l. count = -32048
Immediately reclaimed 78544 bytes in heap of size 479232 bytes
14792 (atomic) + 104936 (composite) collectable bytes in use
Finalize + initiate sweep took 0 + 0 msecs
Complete collection took 0 msecs
Increasing heap size by 163840 after 147752 allocated bytes
Initiating full world-stop collection 9 after 337624 allocd bytes
0 bytes in heap blacklisted for interior pointers
--> Marking for collection 9 after 337624 allocd bytes + 0 wasted bytes
Collection 8 reclaimed 190096 bytes ---> heapsize = 643072 bytes
World-stopped marking took 0 msecs
Bytes recovered before sweep - f.l. count = -44488
Immediately reclaimed 193080 bytes in heap of size 643072 bytes
18256 (atomic) + 158280 (composite) collectable bytes in use
Finalize + initiate sweep took 0 + 15 msecs
Complete collection took 15 msecs
Initiating full world-stop collection 10 after 289320 allocd bytes
0 bytes in heap blacklisted for interior pointers
--> Marking for collection 10 after 289320 allocd bytes + 0 wasted bytes
Collection 9 reclaimed 286144 bytes ---> heapsize = 643072 bytes
World-stopped marking took 16 msecs
Bytes recovered before sweep - f.l. count = -38040
Immediately reclaimed 162664 bytes in heap of size 643072 bytes
19376 (atomic) + 207920 (composite) collectable bytes in use
Finalize + initiate sweep took 0 + 0 msecs
Complete collection took 16 msecs
Increasing heap size by 217088 after 231516 allocated bytes
Initiating full world-stop collection 11 after 432940 allocd bytes
0 bytes in heap blacklisted for interior pointers
--> Marking for collection 11 after 432940 allocd bytes + 0 wasted bytes
Collection 10 reclaimed 249536 bytes ---> heapsize = 860160 bytes
World-stopped marking took 16 msecs
Bytes recovered before sweep - f.l. count = -66812
Immediately reclaimed 252676 bytes in heap of size 860160 bytes
22588 (atomic) + 283448 (composite) collectable bytes in use
Finalize + initiate sweep took 0 + 0 msecs
Complete collection took 16 msecs
Adding block map for size 68
Initiating full world-stop collection 12 after 347392 allocd bytes
0 bytes in heap blacklisted for interior pointers
--> Marking for collection 12 after 347392 allocd bytes + 0 wasted bytes
Collection 11 reclaimed 357108 bytes ---> heapsize = 860160 bytes
World-stopped marking took 15 msecs
Bytes recovered before sweep - f.l. count = -73736
Immediately reclaimed 151544 bytes in heap of size 860160 bytes
28276 (atomic) + 341832 (composite) collectable bytes in use
Finalize + initiate sweep took 0 + 0 msecs
Complete collection took 15 msecs
Increasing heap size by 290816 after 277504 allocated bytes
Initiating full world-stop collection 13 after 578360 allocd bytes
0 bytes in heap blacklisted for interior pointers
--> Marking for collection 13 after 578360 allocd bytes + 0 wasted bytes
Collection 12 reclaimed 276712 bytes ---> heapsize = 1150976 bytes
World-stopped marking took 16 msecs
Bytes recovered before sweep - f.l. count = -61616
Immediately reclaimed 311120 bytes in heap of size 1150976 bytes
42660 (atomic) + 458008 (composite) collectable bytes in use
Finalize + initiate sweep took 0 + 0 msecs
Complete collection took 16 msecs
Initiating full world-stop collection 14 after 443512 allocd bytes
0 bytes in heap blacklisted for interior pointers
--> Marking for collection 14 after 443512 allocd bytes + 0 wasted bytes
Collection 13 reclaimed 430544 bytes ---> heapsize = 1150976 bytes
World-stopped marking took 15 msecs
Bytes recovered before sweep - f.l. count = -47160
Immediately reclaimed 223176 bytes in heap of size 1150976 bytes
50396 (atomic) + 549888 (composite) collectable bytes in use
Finalize + initiate sweep took 0 + 0 msecs
Complete collection took 15 msecs
Increasing heap size by 385024 after 345080 allocated bytes
Initiating full world-stop collection 15 after 745056 allocd bytes
0 bytes in heap blacklisted for interior pointers
--> Marking for collection 15 after 745056 allocd bytes + 0 wasted bytes
Collection 14 reclaimed 370000 bytes ---> heapsize = 1536000 bytes
World-stopped marking took 0 msecs
Bytes recovered before sweep - f.l. count = -54424
Immediately reclaimed 437096 bytes in heap of size 1536000 bytes
62884 (atomic) + 694344 (composite) collectable bytes in use
Finalize + initiate sweep took 0 + 0 msecs
Complete collection took 16 msecs
Initiating full world-stop collection 16 after 591608 allocd bytes
0 bytes in heap blacklisted for interior pointers
--> Marking for collection 16 after 591608 allocd bytes + 0 wasted bytes
Collection 15 reclaimed 601648 bytes ---> heapsize = 1536000 bytes
World-stopped marking took 16 msecs
Bytes recovered before sweep - f.l. count = -62696
Immediately reclaimed 293656 bytes in heap of size 1536000 bytes
70964 (atomic) + 805144 (composite) collectable bytes in use
Finalize + initiate sweep took 0 + 0 msecs
Complete collection took 16 msecs
Increasing heap size by 516096 after 455824 allocated bytes
Initiating full world-stop collection 17 after 1001920 allocd bytes
0 bytes in heap blacklisted for interior pointers
--> Marking for collection 17 after 1001920 allocd bytes + 0 wasted bytes
Collection 16 reclaimed 466992 bytes ---> heapsize = 2052096 bytes
World-stopped marking took 0 msecs
Bytes recovered before sweep - f.l. count = -41152
Immediately reclaimed 622400 bytes in heap of size 2052096 bytes
88276 (atomic) + 1000768 (composite) collectable bytes in use
Finalize + initiate sweep took 0 + 16 msecs
Complete collection took 32 msecs
Initiating full world-stop collection 18 after 777416 allocd bytes
0 bytes in heap blacklisted for interior pointers
--> Marking for collection 18 after 777416 allocd bytes + 0 wasted bytes
Collection 17 reclaimed 781072 bytes ---> heapsize = 2052096 bytes
World-stopped marking took 0 msecs
Bytes recovered before sweep - f.l. count = -43384
Immediately reclaimed 435848 bytes in heap of size 2052096 bytes
100244 (atomic) + 1151528 (composite) collectable bytes in use
Finalize + initiate sweep took 0 + 0 msecs
Complete collection took 16 msecs
Increasing heap size by 688128 after 611136 allocated bytes
Initiating full world-stop collection 19 after 1302616 allocd bytes
0 bytes in heap blacklisted for interior pointers
--> Marking for collection 19 after 1302616 allocd bytes + 0 wasted bytes
Collection 18 reclaimed 626600 bytes ---> heapsize = 2740224 bytes
World-stopped marking took 0 msecs
Bytes recovered before sweep - f.l. count = -51088
Immediately reclaimed 792688 bytes in heap of size 2740224 bytes
111516 (atomic) + 1405912 (composite) collectable bytes in use
Finalize + initiate sweep took 0 + 0 msecs
Complete collection took 16 msecs
Grew dl table to 256 entries
Initiating full world-stop collection 20 after 1045952 allocd bytes
0 bytes in heap blacklisted for interior pointers
--> Marking for collection 20 after 1045952 allocd bytes + 0 wasted bytes
Collection 19 reclaimed 1066076 bytes ---> heapsize = 2740224 bytes
World-stopped marking took 0 msecs
Bytes recovered before sweep - f.l. count = -70380
Immediately reclaimed 576788 bytes in heap of size 2740224 bytes
117252 (atomic) + 1572424 (composite) collectable bytes in use
Finalize + initiate sweep took 0 + 16 msecs
Complete collection took 16 msecs
Increasing heap size by 917504 after 854228 allocated bytes
Initiating full world-stop collection 21 after 1772724 allocd bytes
0 bytes in heap blacklisted for interior pointers
--> Marking for collection 21 after 1772724 allocd bytes + 0 wasted bytes
Collection 20 reclaimed 862232 bytes ---> heapsize = 3657728 bytes
World-stopped marking took 15 msecs
Bytes recovered before sweep - f.l. count = -67728
Immediately reclaimed 821104 bytes in heap of size 3657728 bytes
133952 (atomic) + 1717496 (composite) collectable bytes in use
Finalize + initiate sweep took 0 + 0 msecs
Complete collection took 46 msecs
Initiating full world-stop collection 22 after 1550320 allocd bytes
0 bytes in heap blacklisted for interior pointers
--> Marking for collection 22 after 1550320 allocd bytes + 0 wasted bytes
Collection 21 reclaimed 1537824 bytes ---> heapsize = 3657728 bytes
World-stopped marking took 0 msecs
Bytes recovered before sweep - f.l. count = -45904
Immediately reclaimed 638128 bytes in heap of size 3657728 bytes
139728 (atomic) + 1741168 (composite) collectable bytes in use
Finalize + initiate sweep took 0 + 0 msecs
Complete collection took 16 msecs
Initiating full world-stop collection 23 after 1515276 allocd bytes
0 bytes in heap blacklisted for interior pointers
--> Marking for collection 23 after 1515276 allocd bytes + 0 wasted bytes
Collection 22 reclaimed 1527600 bytes ---> heapsize = 3657728 bytes
World-stopped marking took 0 msecs
Bytes recovered before sweep - f.l. count = -49108
Immediately reclaimed 593964 bytes in heap of size 3657728 bytes
141484 (atomic) + 1760360 (composite) collectable bytes in use
Finalize + initiate sweep took 0 + 0 msecs
Complete collection took 0 msecs
Initiating full world-stop collection 24 after 1490968 allocd bytes
0 bytes in heap blacklisted for interior pointers
--> Marking for collection 24 after 1490968 allocd bytes + 0 wasted bytes
Collection 23 reclaimed 1499784 bytes ---> heapsize = 3657728 bytes
World-stopped marking took 0 msecs
Bytes recovered before sweep - f.l. count = -48788
Immediately reclaimed 528748 bytes in heap of size 3657728 bytes
145604 (atomic) + 1776272 (composite) collectable bytes in use
Finalize + initiate sweep took 0 + 0 msecs
Complete collection took 16 msecs
Initiating full world-stop collection 25 after 1469000 allocd bytes
0 bytes in heap blacklisted for interior pointers
--> Marking for collection 25 after 1469000 allocd bytes + 0 wasted bytes
Collection 24 reclaimed 1490696 bytes ---> heapsize = 3657728 bytes
World-stopped marking took 16 msecs
Bytes recovered before sweep - f.l. count = -62388
Immediately reclaimed 494668 bytes in heap of size 3657728 bytes
150928 (atomic) + 1790976 (composite) collectable bytes in use
Finalize + initiate sweep took 0 + 0 msecs
Complete collection took 16 msecs
Initiating full world-stop collection 26 after 1439608 allocd bytes
0 bytes in heap blacklisted for interior pointers
--> Marking for collection 26 after 1439608 allocd bytes + 0 wasted bytes
Collection 25 reclaimed 1441916 bytes ---> heapsize = 3657728 bytes
World-stopped marking took 0 msecs
Bytes recovered before sweep - f.l. count = -56600
Immediately reclaimed 492264 bytes in heap of size 3657728 bytes
155856 (atomic) + 1805680 (composite) collectable bytes in use
Finalize + initiate sweep took 0 + 16 msecs
Complete collection took 31 msecs
Initiating full world-stop collection 27 after 1401988 allocd bytes
0 bytes in heap blacklisted for interior pointers
--> Marking for collection 27 after 1401988 allocd bytes + 0 wasted bytes
Collection 26 reclaimed 1413408 bytes ---> heapsize = 3657728 bytes
World-stopped marking took 16 msecs
Bytes recovered before sweep - f.l. count = -60436
Immediately reclaimed 476140 bytes in heap of size 3657728 bytes
161108 (atomic) + 1826648 (composite) collectable bytes in use
Finalize + initiate sweep took 0 + 0 msecs
Complete collection took 31 msecs
Initiating full world-stop collection 28 after 1373728 allocd bytes
0 bytes in heap blacklisted for interior pointers
--> Marking for collection 28 after 1373728 allocd bytes + 2044 wasted bytes
Collection 27 reclaimed 1378440 bytes ---> heapsize = 3657728 bytes
World-stopped marking took 15 msecs
Bytes recovered before sweep - f.l. count = -61808
Immediately reclaimed 452244 bytes in heap of size 3657728 bytes
172048 (atomic) + 1839560 (composite) collectable bytes in use
Finalize + initiate sweep took 0 + 16 msecs
Complete collection took 31 msecs
Adding block map for size 170
Initiating full world-stop collection 29 after 1316700 allocd bytes
0 bytes in heap blacklisted for interior pointers
--> Marking for collection 29 after 1316700 allocd bytes + 0 wasted bytes
Collection 28 reclaimed 1324004 bytes ---> heapsize = 3657728 bytes
World-stopped marking took 16 msecs
Bytes recovered before sweep - f.l. count = -65356
Immediately reclaimed 430260 bytes in heap of size 3657728 bytes
178220 (atomic) + 1852472 (composite) collectable bytes in use
Finalize + initiate sweep took 0 + 0 msecs
Complete collection took 16 msecs
Initiating full world-stop collection 30 after 1281068 allocd bytes
0 bytes in heap blacklisted for interior pointers
--> Marking for collection 30 after 1281068 allocd bytes + 0 wasted bytes
Collection 29 reclaimed 1280224 bytes ---> heapsize = 3657728 bytes
World-stopped marking took 16 msecs
Bytes recovered before sweep - f.l. count = -58760
Immediately reclaimed 432760 bytes in heap of size 3657728 bytes
185616 (atomic) + 1867264 (composite) collectable bytes in use
Finalize + initiate sweep took 0 + 0 msecs
Complete collection took 16 msecs
Increasing heap size by 1220608 after 1257480 allocated bytes
Initiating full world-stop collection 31 after 2571032 allocd bytes
0 bytes in heap blacklisted for interior pointers
--> Marking for collection 31 after 2571032 allocd bytes + 0 wasted bytes
Collection 30 reclaimed 1364120 bytes ---> heapsize = 4878336 bytes
World-stopped marking took 16 msecs
Bytes recovered before sweep - f.l. count = -56968
Immediately reclaimed 1241464 bytes in heap of size 4878336 bytes
193960 (atomic) + 1895136 (composite) collectable bytes in use
Finalize + initiate sweep took 0 + 0 msecs
Complete collection took 16 msecs
Initiating full world-stop collection 32 after 2510312 allocd bytes
0 bytes in heap blacklisted for interior pointers
--> Marking for collection 32 after 2510312 allocd bytes + 0 wasted bytes
Collection 31 reclaimed 2513608 bytes ---> heapsize = 4878336 bytes
World-stopped marking took 0 msecs
Bytes recovered before sweep - f.l. count = -44632
Immediately reclaimed 1061288 bytes in heap of size 4878336 bytes
199376 (atomic) + 1933248 (composite) collectable bytes in use
Finalize + initiate sweep took 0 + 0 msecs
Complete collection took 15 msecs
Initiating full world-stop collection 33 after 2474008 allocd bytes
0 bytes in heap blacklisted for interior pointers
--> Marking for collection 33 after 2474008 allocd bytes + 0 wasted bytes
Collection 32 reclaimed 2470784 bytes ---> heapsize = 4878336 bytes
World-stopped marking took 0 msecs
Bytes recovered before sweep - f.l. count = -25912
Immediately reclaimed 985800 bytes in heap of size 4878336 bytes
203136 (atomic) + 1969840 (composite) collectable bytes in use
Finalize + initiate sweep took 0 + 0 msecs
Complete collection took 16 msecs
Increasing heap size by 1646592 after 709060 allocated bytes
Increasing heap size by 2834432 after 2687832 allocated bytes
Initiating full world-stop collection 34 after 11388288 allocd bytes
4096 bytes in heap blacklisted for interior pointers
--> Marking for collection 34 after 11388288 allocd bytes + 75444 wasted bytes
Collection 33 reclaimed 2482856 bytes ---> heapsize = 9359360 bytes
World-stopped marking took 0 msecs
Bytes recovered before sweep - f.l. count = -2008796
Immediately reclaimed 1333540 bytes in heap of size 9359360 bytes
207120 (atomic) + 1975424 (composite) collectable bytes in use
Finalize + initiate sweep took 0 + 0 msecs
Complete collection took 31 msecs
Initiating full world-stop collection 35 after 4763104 allocd bytes
0 bytes in heap blacklisted for interior pointers
--> Marking for collection 35 after 4763104 allocd bytes + 0 wasted bytes
Collection 34 reclaimed 2800180 bytes ---> heapsize = 9359360 bytes
World-stopped marking took 16 msecs
Bytes recovered before sweep - f.l. count = -12768
Immediately reclaimed 3370528 bytes in heap of size 9359360 bytes
207120 (atomic) + 3876280 (composite) collectable bytes in use
Finalize + initiate sweep took 0 + 0 msecs
Complete collection took 16 msecs
